Arguments: 
  /usr/local/bin/node /usr/local/Cellar/yarn/1.22.10/libexec/bin/yarn.js add gulp-ph-pages

PATH: 
  /usr/local/bin:/usr/bin:/bin:/usr/sbin:/sbin:/Users/burngrit/Library/Android/sdk/emulator:/Users/burngrit/Library/Android/sdk/tools:/Users/burngrit/Library/Android/sdk/tools/bin:/Users/burngrit/Library/Android/sdk/platform-tools:/Users/burngrit/Library/Android/sdk/emulator:/Users/burngrit/Library/Android/sdk/tools:/Users/burngrit/Library/Android/sdk/tools/bin:/Users/burngrit/Library/Android/sdk/platform-tools

Yarn version: 
  1.22.10

Node version: 
  15.5.0

Platform: 
  darwin x64

Trace: 
  Error: https://registry.yarnpkg.com/gulp-ph-pages: Not found
      at Request.params.callback [as _callback] (/usr/local/Cellar/yarn/1.22.10/libexec/lib/cli.js:66988:18)
      at Request.self.callback (/usr/local/Cellar/yarn/1.22.10/libexec/lib/cli.js:140749:22)
      at Request.emit (node:events:376:20)
      at Request.<anonymous> (/usr/local/Cellar/yarn/1.22.10/libexec/lib/cli.js:141721:10)
      at Request.emit (node:events:376:20)
      at IncomingMessage.<anonymous> (/usr/local/Cellar/yarn/1.22.10/libexec/lib/cli.js:141643:12)
      at Object.onceWrapper (node:events:482:28)
      at IncomingMessage.emit (node:events:388:22)
      at endReadableNT (node:internal/streams/readable:1305:12)
      at processTicksAndRejections (node:internal/process/task_queues:80:21)

npm manifest: 
  {
    "name": "supergulp",
    "version": "1.0.0",
    "main": "index.js",
    "repository": "https://github.com/beliemun/supergulp.git",
    "author": "beliemun <beliemun@paran.com>",
    "license": "MIT",
    "scripts": {
      "dev": "gulp dev",
      "build": "gulp build"
    },
    "devDependencies": {
      "@babel/core": "^7.12.10",
      "@babel/preset-env": "^7.12.11",
      "@babel/register": "^7.12.10",
      "babelify": "^10.0.0",
      "del": "^6.0.0",
      "gulp": "^4.0.2",
      "gulp-autoprefixer": "^7.0.1",
      "gulp-bro": "^2.0.0",
      "gulp-connect": "^5.7.0",
      "gulp-csso": "^4.0.1",
      "gulp-image": "^6.2.1",
      "gulp-pug": "^4.0.1",
      "gulp-sass": "^4.1.0",
      "node-sass": "^5.0.0",
      "uglifyify": "^5.0.2"
    }
  }

yarn manifest: 
  No manifest

Lockfile: 
  No lockfile
